2023-05-13 15:37:43,665 INFO org.springframework.boot.StartupInfoLogger [restartedMain] Starting LoggingApplication using Java 20.0.1 on LAPTOP-L2JCUGMP with PID 13272 (C:\Users\39351\Desktop\Studio\Esercizi Java\logging\target\classes started by 39351 in C:\Users\39351\Desktop\Studio\Esercizi Java\logging)
2023-05-13 15:37:43,668 DEBUG org.springframework.boot.StartupInfoLogger [restartedMain] Running with Spring Boot v2.6.5, Spring v5.3.17
2023-05-13 15:37:43,669 INFO org.springframework.boot.SpringApplication [restartedMain] No active profile set, falling back to 1 default profile: "default"
2023-05-13 15:37:43,793 INFO org.springframework.boot.logging.DeferredLog [restartedMain] Devtools property defaults active! Set 'spring.devtools.add-properties' to 'false' to disable
2023-05-13 15:37:43,795 INFO org.springframework.boot.logging.DeferredLog [restartedMain] For additional web related logging consider setting the 'logging.level.web' property to 'DEBUG'
2023-05-13 15:37:46,106 INFO org.springframework.boot.web.embedded.tomcat.TomcatWebServer [restartedMain] Tomcat initialized with port(s): 8080 (http)
2023-05-13 15:37:46,141 INFO org.apache.juli.logging.DirectJDKLog [restartedMain] Initializing ProtocolHandler ["http-nio-8080"]
2023-05-13 15:37:46,141 INFO org.apache.juli.logging.DirectJDKLog [restartedMain] Starting service [Tomcat]
2023-05-13 15:37:46,143 INFO org.apache.juli.logging.DirectJDKLog [restartedMain] Starting Servlet engine: [Apache Tomcat/9.0.60]
2023-05-13 15:37:46,404 INFO org.apache.juli.logging.DirectJDKLog [restartedMain] Initializing Spring embedded WebApplicationContext
2023-05-13 15:37:46,405 INFO org.springframework.boot.web.servlet.context.ServletWebServerApplicationContext [restartedMain] Root WebApplicationContext: initialization completed in 2609 ms
2023-05-13 15:37:47,018 INFO org.springframework.boot.devtools.autoconfigure.OptionalLiveReloadServer [restartedMain] LiveReload server is running on port 35729
2023-05-13 15:37:47,037 INFO org.apache.juli.logging.DirectJDKLog [restartedMain] Starting ProtocolHandler ["http-nio-8080"]
2023-05-13 15:37:47,077 INFO org.springframework.boot.web.embedded.tomcat.TomcatWebServer [restartedMain] Tomcat started on port(s): 8080 (http) with context path ''
2023-05-13 15:37:47,095 INFO org.springframework.boot.StartupInfoLogger [restartedMain] Started LoggingApplication in 4.686 seconds (JVM running for 6.215)
2023-05-13 15:38:10,389 INFO org.apache.juli.logging.DirectJDKLog [http-nio-8080-exec-1] Initializing Spring DispatcherServlet 'dispatcherServlet'
2023-05-13 15:38:10,390 INFO org.springframework.web.servlet.FrameworkServlet [http-nio-8080-exec-1] Initializing Servlet 'dispatcherServlet'
2023-05-13 15:38:10,391 INFO org.springframework.web.servlet.FrameworkServlet [http-nio-8080-exec-1] Completed initialization in 0 ms
2023-05-13 15:38:10,435 INFO co.develhope.logging.controllers.BasicController [http-nio-8080-exec-1] It is playing the welcome message
2023-05-13 15:38:29,594 WARN co.develhope.logging.controllers.BasicController [http-nio-8080-exec-3] He is about to perform a calculation
2023-05-13 15:38:29,599 WARN co.develhope.logging.controllers.BasicController [http-nio-8080-exec-3] The result of the calculation is: 256
2023-05-13 15:38:49,034 ERROR co.develhope.logging.controllers.BasicController [http-nio-8080-exec-4] An error has been thrown
